<?xml version="1.0" encoding="UTF-8"?>
<!-- Generated by org.testng.reporters.JUnitReportReporter -->
<testsuite hostname="DESKTOP-GVDRRO4" failures="0" tests="1" name="demo.flipkart" time="8.696" errors="0" timestamp="2023-07-29T12:46:22 IST" skipped="0">
  <testcase classname="demo.flipkart" name="flipkart2" time="8.696"/>
</testsuite> <!-- demo.flipkart -->
